  Transitions.cpp
C:\GITHUB\BattleTransitions\Game\Source\easings.h(115,117): warning C4244: 'return': conversion from 'double' to 'float', possible loss of data
C:\GITHUB\BattleTransitions\Game\Source\easings.h(116,118): warning C4244: 'return': conversion from 'double' to 'float', possible loss of data
C:\GITHUB\BattleTransitions\Game\Source\easings.h(119,85): warning C4244: 'return': conversion from 'double' to 'float', possible loss of data
C:\GITHUB\BattleTransitions\Game\Source\easings.h(120,67): warning C4244: 'return': conversion from 'double' to 'float', possible loss of data
C:\GITHUB\BattleTransitions\Game\Source\easings.h(142,78): warning C4244: 'return': conversion from 'double' to 'float', possible loss of data
C:\GITHUB\BattleTransitions\Game\Source\easings.h(143,79): warning C4244: 'return': conversion from 'double' to 'float', possible loss of data
C:\GITHUB\BattleTransitions\Game\Source\easings.h(148,86): warning C4244: 'return': conversion from 'double' to 'float', possible loss of data
C:\GITHUB\BattleTransitions\Game\Source\easings.h(150,69): warning C4244: 'return': conversion from 'double' to 'float', possible loss of data
C:\GITHUB\BattleTransitions\Game\Source\easings.h(222,23): warning C4244: 'initializing': conversion from 'double' to 'float', possible loss of data
C:\GITHUB\BattleTransitions\Game\Source\easings.h(236,85): warning C4244: 'return': conversion from 'double' to 'float', possible loss of data
C:\GITHUB\BattleTransitions\Game\Source\easings.h(250,27): warning C4244: 'initializing': conversion from 'double' to 'float', possible loss of data
C:\GITHUB\BattleTransitions\Game\Source\easings.h(254,23): warning C4244: 'initializing': conversion from 'double' to 'float', possible loss of data
C:\GITHUB\BattleTransitions\Game\Source\Transitions.cpp(132,111): warning C4244: 'argument': conversion from 'uint' to 'float', possible loss of data
C:\GITHUB\BattleTransitions\Game\Source\Transitions.cpp(132,105): warning C4244: 'argument': conversion from 'uint' to 'float', possible loss of data
C:\GITHUB\BattleTransitions\Game\Source\Transitions.cpp(132,90): warning C4244: 'argument': conversion from 'int' to 'float', possible loss of data
C:\GITHUB\BattleTransitions\Game\Source\Transitions.cpp(132,69): warning C4244: '=': conversion from 'float' to 'int', possible loss of data
C:\GITHUB\BattleTransitions\Game\Source\Transitions.cpp(133,117): warning C4244: 'argument': conversion from 'uint' to 'float', possible loss of data
C:\GITHUB\BattleTransitions\Game\Source\Transitions.cpp(133,111): warning C4244: 'argument': conversion from 'uint' to 'float', possible loss of data
C:\GITHUB\BattleTransitions\Game\Source\Transitions.cpp(133,96): warning C4244: 'argument': conversion from 'int' to 'float', possible loss of data
C:\GITHUB\BattleTransitions\Game\Source\Transitions.cpp(133,74): warning C4244: '=': conversion from 'float' to 'int', possible loss of data
C:\GITHUB\BattleTransitions\Game\Source\Transitions.cpp(155,67): warning C4244: 'argument': conversion from 'uint' to 'float', possible loss of data
C:\GITHUB\BattleTransitions\Game\Source\Transitions.cpp(155,61): warning C4244: 'argument': conversion from 'uint' to 'float', possible loss of data
C:\GITHUB\BattleTransitions\Game\Source\Transitions.cpp(155,46): warning C4244: 'argument': conversion from 'int' to 'float', possible loss of data
C:\GITHUB\BattleTransitions\Game\Source\Transitions.cpp(155,25): warning C4244: '=': conversion from 'float' to 'int', possible loss of data
C:\GITHUB\BattleTransitions\Game\Source\Transitions.cpp(156,68): warning C4244: 'argument': conversion from 'uint' to 'float', possible loss of data
C:\GITHUB\BattleTransitions\Game\Source\Transitions.cpp(156,62): warning C4244: 'argument': conversion from 'uint' to 'float', possible loss of data
C:\GITHUB\BattleTransitions\Game\Source\Transitions.cpp(156,47): warning C4244: 'argument': conversion from 'int' to 'float', possible loss of data
C:\GITHUB\BattleTransitions\Game\Source\Transitions.cpp(156,13): warning C4244: '=': conversion from 'float' to 'int', possible loss of data
C:\GITHUB\BattleTransitions\Game\Source\Transitions.cpp(157,67): warning C4244: 'argument': conversion from 'uint' to 'float', possible loss of data
C:\GITHUB\BattleTransitions\Game\Source\Transitions.cpp(157,61): warning C4244: 'argument': conversion from 'uint' to 'float', possible loss of data
C:\GITHUB\BattleTransitions\Game\Source\Transitions.cpp(157,46): warning C4244: 'argument': conversion from 'int' to 'float', possible loss of data
C:\GITHUB\BattleTransitions\Game\Source\Transitions.cpp(157,25): warning C4244: '=': conversion from 'float' to 'int', possible loss of data
C:\GITHUB\BattleTransitions\Game\Source\Transitions.cpp(158,68): warning C4244: 'argument': conversion from 'uint' to 'float', possible loss of data
C:\GITHUB\BattleTransitions\Game\Source\Transitions.cpp(158,62): warning C4244: 'argument': conversion from 'uint' to 'float', possible loss of data
C:\GITHUB\BattleTransitions\Game\Source\Transitions.cpp(158,47): warning C4244: 'argument': conversion from 'int' to 'float', possible loss of data
C:\GITHUB\BattleTransitions\Game\Source\Transitions.cpp(158,13): warning C4244: '=': conversion from 'float' to 'int', possible loss of data
C:\GITHUB\BattleTransitions\Game\Source\Transitions.cpp(162,68): warning C4244: 'argument': conversion from 'uint' to 'float', possible loss of data
C:\GITHUB\BattleTransitions\Game\Source\Transitions.cpp(162,62): warning C4244: 'argument': conversion from 'uint' to 'float', possible loss of data
C:\GITHUB\BattleTransitions\Game\Source\Transitions.cpp(162,47): warning C4244: 'argument': conversion from 'int' to 'float', possible loss of data
C:\GITHUB\BattleTransitions\Game\Source\Transitions.cpp(162,25): warning C4244: '=': conversion from 'float' to 'int', possible loss of data
C:\GITHUB\BattleTransitions\Game\Source\Transitions.cpp(163,69): warning C4244: 'argument': conversion from 'uint' to 'float', possible loss of data
C:\GITHUB\BattleTransitions\Game\Source\Transitions.cpp(163,63): warning C4244: 'argument': conversion from 'uint' to 'float', possible loss of data
C:\GITHUB\BattleTransitions\Game\Source\Transitions.cpp(163,48): warning C4244: 'argument': conversion from 'int' to 'float', possible loss of data
C:\GITHUB\BattleTransitions\Game\Source\Transitions.cpp(163,13): warning C4244: '=': conversion from 'float' to 'int', possible loss of data
C:\GITHUB\BattleTransitions\Game\Source\Transitions.cpp(164,68): warning C4244: 'argument': conversion from 'uint' to 'float', possible loss of data
C:\GITHUB\BattleTransitions\Game\Source\Transitions.cpp(164,62): warning C4244: 'argument': conversion from 'uint' to 'float', possible loss of data
C:\GITHUB\BattleTransitions\Game\Source\Transitions.cpp(164,47): warning C4244: 'argument': conversion from 'int' to 'float', possible loss of data
C:\GITHUB\BattleTransitions\Game\Source\Transitions.cpp(164,25): warning C4244: '=': conversion from 'float' to 'int', possible loss of data
C:\GITHUB\BattleTransitions\Game\Source\Transitions.cpp(165,69): warning C4244: 'argument': conversion from 'uint' to 'float', possible loss of data
C:\GITHUB\BattleTransitions\Game\Source\Transitions.cpp(165,63): warning C4244: 'argument': conversion from 'uint' to 'float', possible loss of data
C:\GITHUB\BattleTransitions\Game\Source\Transitions.cpp(165,48): warning C4244: 'argument': conversion from 'int' to 'float', possible loss of data
C:\GITHUB\BattleTransitions\Game\Source\Transitions.cpp(165,13): warning C4244: '=': conversion from 'float' to 'int', possible loss of data
C:\GITHUB\BattleTransitions\Game\Source\Transitions.cpp(194,67): warning C4244: 'argument': conversion from 'uint' to 'float', possible loss of data
C:\GITHUB\BattleTransitions\Game\Source\Transitions.cpp(194,61): warning C4244: 'argument': conversion from 'uint' to 'float', possible loss of data
C:\GITHUB\BattleTransitions\Game\Source\Transitions.cpp(194,46): warning C4244: 'argument': conversion from 'int' to 'float', possible loss of data
C:\GITHUB\BattleTransitions\Game\Source\Transitions.cpp(194,25): warning C4244: '=': conversion from 'float' to 'int', possible loss of data
C:\GITHUB\BattleTransitions\Game\Source\Transitions.cpp(195,68): warning C4244: 'argument': conversion from 'uint' to 'float', possible loss of data
C:\GITHUB\BattleTransitions\Game\Source\Transitions.cpp(195,62): warning C4244: 'argument': conversion from 'uint' to 'float', possible loss of data
C:\GITHUB\BattleTransitions\Game\Source\Transitions.cpp(195,47): warning C4244: 'argument': conversion from 'int' to 'float', possible loss of data
C:\GITHUB\BattleTransitions\Game\Source\Transitions.cpp(195,13): warning C4244: '=': conversion from 'float' to 'int', possible loss of data
C:\GITHUB\BattleTransitions\Game\Source\Transitions.cpp(196,67): warning C4244: 'argument': conversion from 'uint' to 'float', possible loss of data
C:\GITHUB\BattleTransitions\Game\Source\Transitions.cpp(196,61): warning C4244: 'argument': conversion from 'uint' to 'float', possible loss of data
C:\GITHUB\BattleTransitions\Game\Source\Transitions.cpp(196,46): warning C4244: 'argument': conversion from 'int' to 'float', possible loss of data
C:\GITHUB\BattleTransitions\Game\Source\Transitions.cpp(196,25): warning C4244: '=': conversion from 'float' to 'int', possible loss of data
C:\GITHUB\BattleTransitions\Game\Source\Transitions.cpp(197,68): warning C4244: 'argument': conversion from 'uint' to 'float', possible loss of data
C:\GITHUB\BattleTransitions\Game\Source\Transitions.cpp(197,62): warning C4244: 'argument': conversion from 'uint' to 'float', possible loss of data
C:\GITHUB\BattleTransitions\Game\Source\Transitions.cpp(197,47): warning C4244: 'argument': conversion from 'int' to 'float', possible loss of data
C:\GITHUB\BattleTransitions\Game\Source\Transitions.cpp(197,13): warning C4244: '=': conversion from 'float' to 'int', possible loss of data
C:\GITHUB\BattleTransitions\Game\Source\Transitions.cpp(198,67): warning C4244: 'argument': conversion from 'uint' to 'float', possible loss of data
C:\GITHUB\BattleTransitions\Game\Source\Transitions.cpp(198,61): warning C4244: 'argument': conversion from 'uint' to 'float', possible loss of data
C:\GITHUB\BattleTransitions\Game\Source\Transitions.cpp(198,46): warning C4244: 'argument': conversion from 'int' to 'float', possible loss of data
C:\GITHUB\BattleTransitions\Game\Source\Transitions.cpp(198,25): warning C4244: '=': conversion from 'float' to 'int', possible loss of data
C:\GITHUB\BattleTransitions\Game\Source\Transitions.cpp(206,145): warning C4244: 'argument': conversion from 'uint' to 'float', possible loss of data
C:\GITHUB\BattleTransitions\Game\Source\Transitions.cpp(206,139): warning C4244: 'argument': conversion from 'uint' to 'float', possible loss of data
C:\GITHUB\BattleTransitions\Game\Source\Transitions.cpp(206,123): warning C4244: 'argument': conversion from 'int' to 'float', possible loss of data
C:\GITHUB\BattleTransitions\Game\Source\Transitions.cpp(207,145): warning C4244: 'argument': conversion from 'uint' to 'float', possible loss of data
C:\GITHUB\BattleTransitions\Game\Source\Transitions.cpp(207,139): warning C4244: 'argument': conversion from 'uint' to 'float', possible loss of data
C:\GITHUB\BattleTransitions\Game\Source\Transitions.cpp(207,123): warning C4244: 'argument': conversion from 'int' to 'float', possible loss of data
C:\GITHUB\BattleTransitions\Game\Source\Transitions.cpp(208,145): warning C4244: 'argument': conversion from 'uint' to 'float', possible loss of data
C:\GITHUB\BattleTransitions\Game\Source\Transitions.cpp(208,139): warning C4244: 'argument': conversion from 'uint' to 'float', possible loss of data
C:\GITHUB\BattleTransitions\Game\Source\Transitions.cpp(208,123): warning C4244: 'argument': conversion from 'int' to 'float', possible loss of data
C:\GITHUB\BattleTransitions\Game\Source\Transitions.cpp(209,145): warning C4244: 'argument': conversion from 'uint' to 'float', possible loss of data
C:\GITHUB\BattleTransitions\Game\Source\Transitions.cpp(209,139): warning C4244: 'argument': conversion from 'uint' to 'float', possible loss of data
C:\GITHUB\BattleTransitions\Game\Source\Transitions.cpp(209,123): warning C4244: 'argument': conversion from 'int' to 'float', possible loss of data
C:\GITHUB\BattleTransitions\Game\Source\Transitions.cpp(210,145): warning C4244: 'argument': conversion from 'uint' to 'float', possible loss of data
C:\GITHUB\BattleTransitions\Game\Source\Transitions.cpp(210,139): warning C4244: 'argument': conversion from 'uint' to 'float', possible loss of data
C:\GITHUB\BattleTransitions\Game\Source\Transitions.cpp(210,123): warning C4244: 'argument': conversion from 'int' to 'float', possible loss of data
C:\GITHUB\BattleTransitions\Game\Source\Transitions.cpp(214,68): warning C4244: 'argument': conversion from 'uint' to 'float', possible loss of data
C:\GITHUB\BattleTransitions\Game\Source\Transitions.cpp(214,62): warning C4244: 'argument': conversion from 'uint' to 'float', possible loss of data
C:\GITHUB\BattleTransitions\Game\Source\Transitions.cpp(214,47): warning C4244: 'argument': conversion from 'int' to 'float', possible loss of data
C:\GITHUB\BattleTransitions\Game\Source\Transitions.cpp(214,25): warning C4244: '=': conversion from 'float' to 'int', possible loss of data
C:\GITHUB\BattleTransitions\Game\Source\Transitions.cpp(215,69): warning C4244: 'argument': conversion from 'uint' to 'float', possible loss of data
C:\GITHUB\BattleTransitions\Game\Source\Transitions.cpp(215,63): warning C4244: 'argument': conversion from 'uint' to 'float', possible loss of data
C:\GITHUB\BattleTransitions\Game\Source\Transitions.cpp(215,48): warning C4244: 'argument': conversion from 'int' to 'float', possible loss of data
C:\GITHUB\BattleTransitions\Game\Source\Transitions.cpp(215,13): warning C4244: '=': conversion from 'float' to 'int', possible loss of data
C:\GITHUB\BattleTransitions\Game\Source\Transitions.cpp(216,68): warning C4244: 'argument': conversion from 'uint' to 'float', possible loss of data
C:\GITHUB\BattleTransitions\Game\Source\Transitions.cpp(216,62): warning C4244: 'argument': conversion from 'uint' to 'float', possible loss of data
C:\GITHUB\BattleTransitions\Game\Source\Transitions.cpp(216,47): warning C4244: 'argument': conversion from 'int' to 'float', possible loss of data
C:\GITHUB\BattleTransitions\Game\Source\Transitions.cpp(216,25): warning C4244: '=': conversion from 'float' to 'int', possible loss of data
C:\GITHUB\BattleTransitions\Game\Source\Transitions.cpp(217,69): warning C4244: 'argument': conversion from 'uint' to 'float', possible loss of data
C:\GITHUB\BattleTransitions\Game\Source\Transitions.cpp(217,63): warning C4244: 'argument': conversion from 'uint' to 'float', possible loss of data
C:\GITHUB\BattleTransitions\Game\Source\Transitions.cpp(217,48): warning C4244: 'argument': conversion from 'int' to 'float', possible loss of data
C:\GITHUB\BattleTransitions\Game\Source\Transitions.cpp(217,13): warning C4244: '=': conversion from 'float' to 'int', possible loss of data
C:\GITHUB\BattleTransitions\Game\Source\Transitions.cpp(218,68): warning C4244: 'argument': conversion from 'uint' to 'float', possible loss of data
C:\GITHUB\BattleTransitions\Game\Source\Transitions.cpp(218,62): warning C4244: 'argument': conversion from 'uint' to 'float', possible loss of data
C:\GITHUB\BattleTransitions\Game\Source\Transitions.cpp(218,47): warning C4244: 'argument': conversion from 'int' to 'float', possible loss of data
C:\GITHUB\BattleTransitions\Game\Source\Transitions.cpp(218,25): warning C4244: '=': conversion from 'float' to 'int', possible loss of data
C:\GITHUB\BattleTransitions\Game\Source\Transitions.cpp(226,146): warning C4244: 'argument': conversion from 'uint' to 'float', possible loss of data
C:\GITHUB\BattleTransitions\Game\Source\Transitions.cpp(226,140): warning C4244: 'argument': conversion from 'uint' to 'float', possible loss of data
C:\GITHUB\BattleTransitions\Game\Source\Transitions.cpp(226,124): warning C4244: 'argument': conversion from 'int' to 'float', possible loss of data
C:\GITHUB\BattleTransitions\Game\Source\Transitions.cpp(227,146): warning C4244: 'argument': conversion from 'uint' to 'float', possible loss of data
C:\GITHUB\BattleTransitions\Game\Source\Transitions.cpp(227,140): warning C4244: 'argument': conversion from 'uint' to 'float', possible loss of data
C:\GITHUB\BattleTransitions\Game\Source\Transitions.cpp(227,124): warning C4244: 'argument': conversion from 'int' to 'float', possible loss of data
C:\GITHUB\BattleTransitions\Game\Source\Transitions.cpp(228,146): warning C4244: 'argument': conversion from 'uint' to 'float', possible loss of data
C:\GITHUB\BattleTransitions\Game\Source\Transitions.cpp(228,140): warning C4244: 'argument': conversion from 'uint' to 'float', possible loss of data
C:\GITHUB\BattleTransitions\Game\Source\Transitions.cpp(228,124): warning C4244: 'argument': conversion from 'int' to 'float', possible loss of data
C:\GITHUB\BattleTransitions\Game\Source\Transitions.cpp(229,146): warning C4244: 'argument': conversion from 'uint' to 'float', possible loss of data
C:\GITHUB\BattleTransitions\Game\Source\Transitions.cpp(229,140): warning C4244: 'argument': conversion from 'uint' to 'float', possible loss of data
C:\GITHUB\BattleTransitions\Game\Source\Transitions.cpp(229,124): warning C4244: 'argument': conversion from 'int' to 'float', possible loss of data
C:\GITHUB\BattleTransitions\Game\Source\Transitions.cpp(230,146): warning C4244: 'argument': conversion from 'uint' to 'float', possible loss of data
C:\GITHUB\BattleTransitions\Game\Source\Transitions.cpp(230,140): warning C4244: 'argument': conversion from 'uint' to 'float', possible loss of data
C:\GITHUB\BattleTransitions\Game\Source\Transitions.cpp(230,124): warning C4244: 'argument': conversion from 'int' to 'float', possible loss of data
  Game.vcxproj -> C:\GITHUB\BattleTransitions\Build\Debug\Game.exe
